Removed Pin From Net: NetName=SS1 Pin=P1-1
Removed Pin From Net: NetName=SS2 Pin=P1-2
Removed Pin From Net: NetName=VRx Pin=P1-3
Removed Pin From Net: NetName=VRy Pin=P1-4
Removed Pin From Net: NetName=SW Pin=P1-5
Removed Pin From Net: NetName=SS3 Pin=P1-6
Removed Pin From Net: NetName=SERVO_1 Pin=P1-7
Removed Pin From Net: NetName=SERVO_2 Pin=P1-8
Removed Pin From Net: NetName=SCL Pin=P1-9
Removed Pin From Net: NetName=SDA Pin=P1-10
Change Component Footprint: Designator=P1 Old Footprint=HDR1X10 New Footprint=HDR1X3
Change Component Comment : Designator=P1 Old Comment=Header 10 New Comment=Header 3
Change Component Designator: OldDesignator=P2 NewDesignator=P3
Change Component Designator: OldDesignator=P3 NewDesignator=P4
Added Component: Designator=P2(HDR1X10)
Add component. Clean all parameters for all variants
Add component (AddParameter): Name = "LatestRevisionDate"; Value = "17-Jul-2002"; VariantName = "[No Variations]"
Add component (AddParameter): Name = "LatestRevisionNote"; Value = "Re-released for DXP Platform."; VariantName = "[No Variations]"
Add component (AddParameter): Name = "Publisher"; Value = "Altium Limited"; VariantName = "[No Variations]"
Added Pin To Net: NetName=SCL Pin=P2-1
Added Pin To Net: NetName=SDA Pin=P2-2
Added Pin To Net: NetName=SERVO_2 Pin=P2-3
Added Pin To Net: NetName=SERVO_1 Pin=P2-4
Added Pin To Net: NetName=SS3 Pin=P2-5
Added Pin To Net: NetName=SS1 Pin=P2-6
Added Pin To Net: NetName=SS2 Pin=P2-7
Added Pin To Net: NetName=VRx Pin=P2-8
Added Pin To Net: NetName=VRy Pin=P2-9
Added Pin To Net: NetName=SW Pin=P2-10
Added Member To Class: ClassName=Ngu-nghiep Member=Component P2 Header 10
Added Member To Class: ClassName=Ngu-nghiep Member=Component P4 Header 10
Added Room: Name=Ngu-nghiep
