Removed Pin From Net: NetName=NetD1_1 Pin=D1-1
Removed Pin From Net: NetName=GND Pin=D1-2
Removed Pin From Net: NetName=NetD2_1 Pin=D2-1
Removed Pin From Net: NetName=GND Pin=D2-2
Removed Pin From Net: NetName=5V Pin=P1-1
Removed Pin From Net: NetName=5V Pin=P1-2
Removed Pin From Net: NetName=GND Pin=P1-3
Removed Pin From Net: NetName=GND Pin=P1-4
Removed Pin From Net: NetName=GND Pin=P2-1
Removed Pin From Net: NetName=GND Pin=P2-3
Removed Pin From Net: NetName=GND Pin=P2-4
Removed Pin From Net: NetName=GND Pin=P2-5
Removed Pin From Net: NetName=GND Pin=P2-6
Removed Pin From Net: NetName=GND Pin=P2-7
Removed Pin From Net: NetName=GND Pin=P2-8
Removed Pin From Net: NetName=GND Pin=P2-9
Removed Pin From Net: NetName=GND Pin=P2-10
Removed Pin From Net: NetName=5V Pin=P3-1
Removed Pin From Net: NetName=5V Pin=P3-2
Removed Pin From Net: NetName=5V Pin=P3-3
Removed Pin From Net: NetName=5V Pin=P3-4
Removed Pin From Net: NetName=5V Pin=P3-5
Removed Pin From Net: NetName=5V Pin=P3-6
Removed Pin From Net: NetName=5V Pin=P3-7
Removed Pin From Net: NetName=5V Pin=P3-8
Removed Pin From Net: NetName=5V Pin=P3-9
Removed Pin From Net: NetName=5V Pin=P3-10
Removed Pin From Net: NetName=SCL Pin=P4-1
Removed Pin From Net: NetName=SDA Pin=P4-2
Removed Pin From Net: NetName=SS3 Pin=P4-3
Removed Pin From Net: NetName=SERVO_1 Pin=P4-4
Removed Pin From Net: NetName=SERVO_2 Pin=P4-5
Removed Pin From Net: NetName=SS1 Pin=P4-6
Removed Pin From Net: NetName=SS2 Pin=P4-7
Removed Pin From Net: NetName=VRx Pin=P4-8
Removed Pin From Net: NetName=VRy Pin=P4-9
Removed Pin From Net: NetName=SW Pin=P4-10
Removed Pin From Net: NetName=NetD1_1 Pin=R1-1
Removed Pin From Net: NetName=NetD2_1 Pin=R2-1
Removed Pin From Net: NetName=SCL Pin=R3-1
Removed Pin From Net: NetName=5V Pin=R3-2
Removed Pin From Net: NetName=SDA Pin=R4-1
Removed Pin From Net: NetName=5V Pin=R4-2
Removed Pin From Net: NetName=5V Pin=U1-2
Removed Pin From Net: NetName=SS1 Pin=U1-26
Removed Pin From Net: NetName=SS3 Pin=U1-29
Removed Member From Class: ClassName=Ngu-nghiep Member=D1
Removed Member From Class: ClassName=Ngu-nghiep Member=D2
Removed Member From Class: ClassName=Ngu-nghiep Member=P3
Removed Member From Class: ClassName=Ngu-nghiep Member=P4
Change Component Footprint: Designator=P2 Old Footprint=HDR1X10 New Footprint=JST-XH_B2B-XH-A
Change Component Footprint: Designator=P1 Old Footprint=JST-XH_B4B-XH-A New Footprint=JST-XH_B2B-XH-A
Change Component Comment : Designator=R4 Old Comment=4k7 New Comment=3k
Change Component Comment : Designator=P2 Old Comment=Header 10 New Comment=Connector
Change Component Designator: OldDesignator=R1 NewDesignator=R2
Change Component Designator: OldDesignator=R2 NewDesignator=R3
Change component parameters: Designator = "P2"; Footprint = "JST-XH_B2B-XH-A"; UniqueID = "\RFVGMVJO"
Change component parameters. Clean all parameters for all variants
Added Component: Designator=P6(JST-XH_B4B-XH-A)
Add component. Clean all parameters for all variants
Added Component: Designator=P7(JST-XH_B3B-XH-A)
Add component. Clean all parameters for all variants
Added Component: Designator=P8(JST-XH_B3B-XH-A)
Add component. Clean all parameters for all variants
Added Component: Designator=P9(JST-XH_B3B-XH-A)
Add component. Clean all parameters for all variants
Added Component: Designator=P10(JST-XH_B5B-XH-A)
Add component. Clean all parameters for all variants
Added Component: Designator=P11(JST-XH_B3B-XH-A)
Add component. Clean all parameters for all variants
Added Component: Designator=P12(JST-XH_B3B-XH-A)
Add component. Clean all parameters for all variants
Added Component: Designator=P13(JST-XH_B4B-XH-A)
Add component. Clean all parameters for all variants
Added Component: Designator=R1(R1/8W)
Add component. Clean all parameters for all variants
Add component (AddParameter): Name = "Value"; Value = "R1/4W - 1K"; VariantName = "[No Variations]"
Added Component: Designator=R5(R1/8W)
Add component. Clean all parameters for all variants
Add component (AddParameter): Name = "Value"; Value = "R1/4W - 1K"; VariantName = "[No Variations]"
Added Component: Designator=R6(R1/8W)
Add component. Clean all parameters for all variants
Add component (AddParameter): Name = "Value"; Value = "R1/4W - 1K"; VariantName = "[No Variations]"
Added Component: Designator=R7(R1/8W)
Add component. Clean all parameters for all variants
Add component (AddParameter): Name = "Value"; Value = "R1/4W - 1K"; VariantName = "[No Variations]"
Added Component: Designator=R8(R1/8W)
Add component. Clean all parameters for all variants
Add component (AddParameter): Name = "Value"; Value = "R1/4W - 1K"; VariantName = "[No Variations]"
Added Component: Designator=R9(R1/8W)
Add component. Clean all parameters for all variants
Add component (AddParameter): Name = "Value"; Value = "R1/4W - 1K"; VariantName = "[No Variations]"
Added Pin To Net: NetName=SS1 Pin=P1-1
Added Pin To Net: NetName=GND Pin=P1-2
Added Pin To Net: NetName=SS3 Pin=P2-1
Added Pin To Net: NetName=GND Pin=P6-3
Added Pin To Net: NetName=GND Pin=P6-4
Added Pin To Net: NetName=5V Pin=P7-2
Added Pin To Net: NetName=GND Pin=P7-3
Added Pin To Net: NetName=NetD2_1 Pin=P8-1
Added Pin To Net: NetName=GND Pin=P8-3
Added Pin To Net: NetName=NetD1_1 Pin=P9-1
Added Pin To Net: NetName=GND Pin=P9-3
Added Pin To Net: NetName=GND Pin=P10-1
Added Pin To Net: NetName=VRx Pin=P10-3
Added Pin To Net: NetName=VRy Pin=P10-4
Added Pin To Net: NetName=SW Pin=P10-5
Added Pin To Net: NetName=SERVO_2 Pin=P11-1
Added Pin To Net: NetName=GND Pin=P11-3
Added Pin To Net: NetName=SERVO_1 Pin=P12-1
Added Pin To Net: NetName=GND Pin=P12-3
Added Pin To Net: NetName=SDA Pin=P13-3
Added Pin To Net: NetName=SCL Pin=P13-4
Added Pin To Net: NetName=SS2 Pin=R1-1
Added Pin To Net: NetName=5V Pin=R1-2
Added Pin To Net: NetName=SS3 Pin=R2-1
Added Pin To Net: NetName=SS1 Pin=R3-1
Added Pin To Net: NetName=GND Pin=R5-1
Added Pin To Net: NetName=SS2 Pin=R5-2
Added Pin To Net: NetName=GND Pin=R6-1
Added Pin To Net: NetName=SW Pin=R7-2
Added Pin To Net: NetName=SDA Pin=R8-1
Added Pin To Net: NetName=SCL Pin=R9-1
Added Pin To Net: NetName=NetD2_1 Pin=U1-26
Added Pin To Net: NetName=NetD1_1 Pin=U1-29
Change Net Name : Old Net Name=5V New Net Name=Tur_pin
Change Net Name : Old Net Name=NetD1_1 New Net Name=Tem_pin
Change Net Name : Old Net Name=NetD2_1 New Net Name=pH_pin
Change Net Name : Old Net Name=SS1 New Net Name=NetP1_1
Change Net Name : Old Net Name=SS3 New Net Name=NetP2_1
Added Pin To Net: NetName=+5 Pin=P6-1
Added Pin To Net: NetName=+5 Pin=P6-2
Added Pin To Net: NetName=+5 Pin=P7-1
Added Pin To Net: NetName=+5 Pin=P8-2
Added Pin To Net: NetName=+5 Pin=P9-2
Added Pin To Net: NetName=+5 Pin=P11-2
Added Pin To Net: NetName=+5 Pin=P12-2
Added Pin To Net: NetName=+5 Pin=R4-2
Added Pin To Net: NetName=+5 Pin=R7-1
Added Pin To Net: NetName=+5 Pin=R8-2
Added Pin To Net: NetName=+5 Pin=R9-2
Added Pin To Net: NetName=+5 Pin=U1-2
Added Net: Name=+5
Added Pin To Net: NetName=3V3_Joystick Pin=P10-2
Added Pin To Net: NetName=3V3_Joystick Pin=R4-1
Added Pin To Net: NetName=3V3_Joystick Pin=R6-2
Added Net: Name=3V3_Joystick
Added Member To Class: ClassName=Ngu-nghiep Member=Component P6 Nguon
Added Member To Class: ClassName=Ngu-nghiep Member=Component P7 Connector
Added Member To Class: ClassName=Ngu-nghiep Member=Component P8 Connector
Added Member To Class: ClassName=Ngu-nghiep Member=Component P9 Connector
Added Member To Class: ClassName=Ngu-nghiep Member=Component P10 Joystick
Added Member To Class: ClassName=Ngu-nghiep Member=Component P11 Connector
Added Member To Class: ClassName=Ngu-nghiep Member=Component P12 Connector
Added Member To Class: ClassName=Ngu-nghiep Member=Component P13 RTC
Added Member To Class: ClassName=Ngu-nghiep Member=Component R5 10k
Added Member To Class: ClassName=Ngu-nghiep Member=Component R6 4k7
Added Member To Class: ClassName=Ngu-nghiep Member=Component R7 10K
Added Member To Class: ClassName=Ngu-nghiep Member=Component R8 4k7
Added Member To Class: ClassName=Ngu-nghiep Member=Component R9 4k7
Added Room: Name=Ngu-nghiep
