Removed Pin From Net: NetName=SCL Pin=P1-1
Removed Pin From Net: NetName=SDA Pin=P1-2
Removed Pin From Net: NetName=Alarm Pin=P1-3
Removed Pin From Net: NetName=Error Pin=P1-4
Removed Pin From Net: NetName=SS3 Pin=P2-1
Removed Pin From Net: NetName=SERVO_1 Pin=P2-2
Removed Pin From Net: NetName=SERVO_2 Pin=P2-3
Removed Member From Class: ClassName=Ngu-nghiep Member=P4
Removed Member From Class: ClassName=Ngu-nghiep Member=P5
Change Component Footprint: Designator=P3 Old Footprint=HDR1X5 New Footprint=HDR1X10
Change Component Comment : Designator=P3 Old Comment=Header 5 New Comment=Header 10
Change Component Designator: OldDesignator=P3 NewDesignator=P1
Change Component Designator: OldDesignator=P4 NewDesignator=P2
Change Component Designator: OldDesignator=P5 NewDesignator=P3
Added Pin To Net: NetName=SS3 Pin=P1-6
Added Pin To Net: NetName=SERVO_1 Pin=P1-7
Added Pin To Net: NetName=SERVO_2 Pin=P1-8
Added Pin To Net: NetName=SCL Pin=P1-9
Added Pin To Net: NetName=SDA Pin=P1-10
Added Member To Class: ClassName=Ngu-nghiep Member=Component R1 1k
Added Member To Class: ClassName=Ngu-nghiep Member=Component R2 1k
Added Room: Name=Ngu-nghiep
