Removed Pin From Net: NetName=Alarm Pin=R1-1
Removed Pin From Net: NetName=NetD1_1 Pin=R1-2
Removed Pin From Net: NetName=Error Pin=R2-1
Removed Pin From Net: NetName=NetD2_1 Pin=R2-2
Removed Pin From Net: NetName=5V Pin=R3-1
Removed Pin From Net: NetName=NetLED1_1 Pin=R3-2
Removed Pin From Net: NetName=5V Pin=R4-1
Removed Pin From Net: NetName=SCL Pin=R4-2
Removed Pin From Net: NetName=5V Pin=R5-1
Removed Pin From Net: NetName=SDA Pin=R5-2
Removed Member From Class: ClassName=Ngu-nghiep Member=R6
Removed Member From Class: ClassName=Ngu-nghiep Member=R7
Removed Member From Class: ClassName=Ngu-nghiep Member=R8
Change Component Footprint: Designator=R1 Old Footprint=RES-1/4W New Footprint=R1/8W
Change Component Footprint: Designator=R2 Old Footprint=RES-1/4W New Footprint=R1/8W
Change Component Footprint: Designator=R3 Old Footprint=RES-1/4W New Footprint=R1/8W
Change Component Footprint: Designator=R4 Old Footprint=RES-1/4W New Footprint=R1/8W
Change Component Footprint: Designator=R5 Old Footprint=RES-1/4W New Footprint=R1/8W
Added Pin To Net: NetName=NetD1_1 Pin=R1-1
Added Pin To Net: NetName=Alarm Pin=R1-2
Added Pin To Net: NetName=NetD2_1 Pin=R2-1
Added Pin To Net: NetName=Error Pin=R2-2
Added Pin To Net: NetName=NetLED1_1 Pin=R3-1
Added Pin To Net: NetName=5V Pin=R3-2
Added Pin To Net: NetName=SCL Pin=R4-1
Added Pin To Net: NetName=5V Pin=R4-2
Added Pin To Net: NetName=SDA Pin=R5-1
Added Pin To Net: NetName=5V Pin=R5-2
Added Room: Name=Ngu-nghiep
